Using launch settings from d:\TBKT_Donet_React\Backend\src\Properties\launchSettings.json...
Building...
info: Startup[0]
      Fetching JWKS from: https://localhost:9443/t/carbon.super/oauth2/jwks
info: Startup[0]
      JWKS fetched successfully: {"keys":[{"kty":"RSA","x5t#S256":"m_eCU6DLMVTX9h5TomL64Swtp-AMsmA-6xvWCTr5gf4","e":"AQAB","use":"sig...
info: Startup[0]
      Loaded 2 signing keys from JWKS
warn: Startup[0]
      Skipping expired certificate: NotAfter=2026-01-08 15:32:07 UTC
warn: Startup[0]
      Using expired certificate for DEV ONLY - DO NOT USE IN PRODUCTION!
info: Startup[0]
      Created RSA key from expired cert (DEV ONLY): KeyId=OWJmNzgyNTNhMGNiMzE1NGQ3ZjYxZTUzYTI2MmZhZTEyYzJkYTdlMDBjYjI2MDNlZWIxYmQ2MDkzYWY5ODFmZQ_RS256
info: Startup[0]
      Final signing keys count: 2
info: object[0]
      MongoDB connected: mongodb://localhost:27017 - Database: quanly_dmcanbo
info: object[0]
      MongoDB index already exists on collection DynamicMenuDataSource with different name idx_DMDS_SourceKey_Delete; keeping existing index instead of creating idx_thamso_dynamic_menu_datasource_sourcekey_delete
info: object[0]
      Ensured MongoDB indexes for ThamSo collections
info: object[0]
      Ensured permission catalog seed with 42 items
info: object[0]
      Ensured dynamic menu permission catalog seed with 5 items
info: object[0]
      Updated default Office with ID: 000
warn: Microsoft.AspNetCore.Server.Kestrel[0]
      Overriding address(es) 'http://localhost:5213'. Binding to endpoints defined via IConfiguration and/or UseKestrel() instead.
warn: Microsoft.AspNetCore.Server.Kestrel[64]
      HTTP/2 is not enabled for [::]:5213. The endpoint is configured to use HTTP/1.1 and HTTP/2, but TLS is not enabled. HTTP/2 requires TLS application protocol negotiation. Connections to this endpoint will use HTTP/1.1.
fail: Microsoft.Extensions.Hosting.Internal.Host[11]
      Hosting failed to start
      System.IO.IOException: Failed to bind to address http://[::]:5213: address already in use.
       ---> Microsoft.AspNetCore.Connections.AddressInUseException: Only one usage of each socket address (protocol/network address/port) is normally permitted.
       ---> System.Net.Sockets.SocketException (10048): Only one usage of each socket address (protocol/network address/port) is normally permitted.
         at System.Net.Sockets.Socket.UpdateStatusAfterSocketErrorAndThrowException(SocketError error, Boolean disconnectOnFailure, String callerName)
         at System.Net.Sockets.Socket.DoBind(EndPoint endPointSnapshot, SocketAddress socketAddress)
         at System.Net.Sockets.Socket.Bind(EndPoint localEP)
         at Microsoft.AspNetCore.Server.Kestrel.Transport.Sockets.SocketTransportOptions.CreateDefaultBoundListenSocket(EndPoint endpoint)
         at Microsoft.AspNetCore.Server.Kestrel.Transport.Sockets.SocketConnectionListener.Bind()
         --- End of inner exception stack trace ---
         at Microsoft.AspNetCore.Server.Kestrel.Transport.Sockets.SocketConnectionListener.Bind()
         at Microsoft.AspNetCore.Server.Kestrel.Transport.Sockets.SocketTransportFactory.BindAsync(EndPoint endpoint, CancellationToken cancellationToken)
         at Microsoft.AspNetCore.Server.Kestrel.Core.Internal.Infrastructure.TransportManager.BindAsync(EndPoint endPoint, ConnectionDelegate connectionDelegate, EndpointConfig endpointConfig, CancellationToken cancellationToken)
         at Microsoft.AspNetCore.Server.Kestrel.Core.KestrelServerImpl.<>c__DisplayClass28_0`1.<<StartAsync>g__OnBind|0>d.MoveNext()
      --- End of stack trace from previous location ---
         at Microsoft.AspNetCore.Server.Kestrel.Core.Internal.AddressBinder.BindEndpointAsync(ListenOptions endpoint, AddressBindContext context, CancellationToken cancellationToken)
         --- End of inner exception stack trace ---
         at Microsoft.AspNetCore.Server.Kestrel.Core.Internal.AddressBinder.BindEndpointAsync(ListenOptions endpoint, AddressBindContext context, CancellationToken cancellationToken)
         at Microsoft.AspNetCore.Server.Kestrel.Core.ListenOptions.BindAsync(AddressBindContext context, CancellationToken cancellationToken)
         at Microsoft.AspNetCore.Server.Kestrel.Core.AnyIPListenOptions.BindAsync(AddressBindContext context, CancellationToken cancellationToken)
         at Microsoft.AspNetCore.Server.Kestrel.Core.Internal.AddressBinder.EndpointsStrategy.BindAsync(AddressBindContext context, CancellationToken cancellationToken)
         at Microsoft.AspNetCore.Server.Kestrel.Core.KestrelServerImpl.BindAsync(CancellationToken cancellationToken)
         at Microsoft.AspNetCore.Server.Kestrel.Core.KestrelServerImpl.StartAsync[TContext](IHttpApplication`1 application, CancellationToken cancellationToken)
         at Microsoft.AspNetCore.Hosting.GenericWebHostService.StartAsync(CancellationToken cancellationToken)
         at Microsoft.Extensions.Hosting.Internal.Host.<StartAsync>b__14_1(IHostedService service, CancellationToken token)
         at Microsoft.Extensions.Hosting.Internal.Host.ForeachService[T](IEnumerable`1 services, CancellationToken token, Boolean concurrent, Boolean abortOnFirstException, List`1 exceptions, Func`3 operation)
fail: Microsoft.Extensions.Hosting.Internal.Host[9]
      BackgroundService failed
      System.OperationCanceledException: The operation was canceled.
         at System.Threading.Channels.AsyncOperation`1.GetResult(Int16 token)
         at System.Threading.Channels.ChannelReader`1.ReadAllAsync(CancellationToken cancellationToken)+MoveNext()
         at Backend.Services.RebuildWorker.ExecuteAsync(CancellationToken ct) in d:\TBKT_Donet_React\Backend\src\Services\RebuildWorker.cs:line 15
         at Backend.Services.RebuildWorker.ExecuteAsync(CancellationToken ct) in d:\TBKT_Donet_React\Backend\src\Services\RebuildWorker.cs:line 15
         at Microsoft.Extensions.Hosting.Internal.Host.TryExecuteBackgroundServiceAsync(BackgroundService backgroundService)
